This is pdfTeX, Version 3.14159265-2.6-1.40.18 (TeX Live 2017) (preloaded format=pdflatex 2017.12.24)  17 FEB 2018 20:21
entering extended mode
 restricted \write18 enabled.
 %&-line parsing enabled.
**week4notes.tex
(./week4notes.tex
LaTeX2e <2017-04-15>
Babel <3.15> and hyphenation patterns for 22 language(s) loaded.
(/usr/local/texlive/2017/texmf-dist/tex/latex/base/minimal.cls
Document Class: minimal 2001/05/25 Standard LaTeX minimal class
) (./week4notes.aux)
\openout1 = `week4notes.aux'.

LaTeX Font Info:    Checking defaults for OML/cmm/m/it on input line 3.
LaTeX Font Info:    ... okay on input line 3.
LaTeX Font Info:    Checking defaults for T1/cmr/m/n on input line 3.
LaTeX Font Info:    ... okay on input line 3.
LaTeX Font Info:    Checking defaults for OT1/cmr/m/n on input line 3.
LaTeX Font Info:    ... okay on input line 3.
LaTeX Font Info:    Checking defaults for OMS/cmsy/m/n on input line 3.
LaTeX Font Info:    ... okay on input line 3.
LaTeX Font Info:    Checking defaults for OMX/cmex/m/n on input line 3.
LaTeX Font Info:    ... okay on input line 3.
LaTeX Font Info:    Checking defaults for U/cmr/m/n on input line 3.
LaTeX Font Info:    ... okay on input line 3.
LaTeX Font Info:    External font `cmex10' loaded for size
(Font)              <7> on input line 10.
LaTeX Font Info:    External font `cmex10' loaded for size
(Font)              <5> on input line 10.
 [1{/usr/local/texlive/2017/texmf-var/fonts/map/pdftex/updmap/pdftex.map}] (./w
eek4notes.aux) ) 
Here is how much of TeX's memory you used:
 27 strings out of 494427
 493 string characters out of 6167361
 53793 words of memory out of 5000000
 3469 multiletter control sequences out of 15000+600000
 4567 words of font info for 17 fonts, out of 8000000 for 9000
 319 hyphenation exceptions out of 8191
 17i,4n,16p,118b,92s stack positions out of 5000i,500n,10000p,200000b,80000s
</usr/local/texlive/2017/texmf-dist/fonts/type1/public/amsfonts
/cm/cmbx10.pfb></usr/local/texlive/2017/texmf-dist/fonts/type1/public/amsfonts/
cm/cmex10.pfb></usr/local/texlive/2017/texmf-dist/fonts/type1/public/amsfonts/c
m/cmmi10.pfb></usr/local/texlive/2017/texmf-dist/fonts/type1/public/amsfonts/cm
/cmmi7.pfb></usr/local/texlive/2017/texmf-dist/fonts/type1/public/amsfonts/cm/c
mr10.pfb></usr/local/texlive/2017/texmf-dist/fonts/type1/public/amsfonts/cm/cmr
7.pfb></usr/local/texlive/2017/texmf-dist/fonts/type1/public/amsfonts/cm/cmsy10
.pfb></usr/local/texlive/2017/texmf-dist/fonts/type1/public/amsfonts/cm/cmsy7.p
fb>
Output written on week4notes.pdf (1 page, 92845 bytes).
PDF statistics:
 40 PDF objects out of 1000 (max. 8388607)
 28 compressed objects within 1 object stream
 0 named destinations out of 1000 (max. 500000)
 1 words of extra memory for PDF output out of 10000 (max. 10000000)

